<?xml version="1.0" encoding="UTF-8"?>
<!-- Generated by org.testng.reporters.JUnitReportReporter -->
<testsuite hostname="DESKTOP-6V4JHOF" failures="0" tests="1" name="testNG1.ifelse" time="0.012" errors="0" timestamp="2024-05-02T13:24:19 IST" skipped="0">
  <testcase classname="testNG1.ifelse" name="maven" time="0.012"/>
</testsuite> <!-- testNG1.ifelse -->
