<?xml version="1.0" encoding="UTF-8"?>
<!-- Generated by org.testng.reporters.JUnitReportReporter -->
<testsuite hostname="DESKTOP-6V4JHOF" failures="0" tests="1" name="testNG1.testNGtask1" time="0.011" errors="0" timestamp="2024-05-02T12:54:09 IST" skipped="0">
  <testcase classname="testNG1.testNGtask1" name="maven" time="0.011"/>
</testsuite> <!-- testNG1.testNGtask1 -->
