<?xml version="1.0" encoding="UTF-8"?>
<!-- Generated by org.testng.reporters.JUnitReportReporter -->
<testsuite hostname="DESKTOP-6V4JHOF" failures="0" tests="5" name="testNG1.datadriven" time="15.848" errors="0" timestamp="2024-05-16T12:53:00 IST" skipped="0">
  <testcase classname="testNG1.datadriven" name="datadriven" time="2.077"/>
  <testcase classname="testNG1.datadriven" name="datadriven" time="4.421"/>
  <testcase classname="testNG1.datadriven" name="datadriven" time="2.403"/>
  <testcase classname="testNG1.datadriven" name="datadriven" time="2.588"/>
  <testcase classname="testNG1.datadriven" name="datadriven" time="4.359"/>
</testsuite> <!-- testNG1.datadriven -->
