<?xml version="1.0" encoding="UTF-8"?>
<!-- Generated by org.testng.reporters.JUnitReportReporter -->
<testsuite hostname="DESKTOP-6V4JHOF" failures="0" tests="4" name="testNG1.arithmatic" time="0.019" errors="0" timestamp="2024-05-02T13:13:06 IST" skipped="0">
  <testcase classname="testNG1.arithmatic" name="subtract" time="0.002"/>
  <testcase classname="testNG1.arithmatic" name="add" time="0.011"/>
  <testcase classname="testNG1.arithmatic" name="divition" time="0.003"/>
  <testcase classname="testNG1.arithmatic" name="multiplication" time="0.003"/>
</testsuite> <!-- testNG1.arithmatic -->
